device=cuda
vocab_size=68 train_tokens=3499083 val_tokens=388788

=== Run 1/3: variant=horn_no_momentum seed=1337 ===
[horn_no_momentum] seed=1337 step=0/600 train=4.2450 val=4.2440
[horn_no_momentum] seed=1337 step=100/600 train=1.5586 val=1.5048
[horn_no_momentum] seed=1337 step=200/600 train=1.4242 val=1.3633
[horn_no_momentum] seed=1337 step=300/600 train=1.3183 val=1.2631
[horn_no_momentum] seed=1337 step=400/600 train=1.2257 val=1.2161
[horn_no_momentum] seed=1337 step=500/600 train=1.1865 val=1.1647
[horn_no_momentum] seed=1337 step=600/600 train=1.1270 val=1.1359

=== Run 2/3: variant=horn_no_momentum seed=2027 ===
[horn_no_momentum] seed=2027 step=0/600 train=4.2419 val=4.2434
[horn_no_momentum] seed=2027 step=100/600 train=1.5594 val=1.5111
[horn_no_momentum] seed=2027 step=200/600 train=1.4048 val=1.3563
[horn_no_momentum] seed=2027 step=300/600 train=1.3373 val=1.2890
[horn_no_momentum] seed=2027 step=400/600 train=1.2300 val=1.2234
[horn_no_momentum] seed=2027 step=500/600 train=1.1680 val=1.1775
[horn_no_momentum] seed=2027 step=600/600 train=1.1209 val=1.1463

=== Run 3/3: variant=horn_no_momentum seed=3141 ===
[horn_no_momentum] seed=3141 step=0/600 train=4.2588 val=4.2578
[horn_no_momentum] seed=3141 step=100/600 train=1.5863 val=1.5357
[horn_no_momentum] seed=3141 step=200/600 train=1.4204 val=1.3649
[horn_no_momentum] seed=3141 step=300/600 train=1.3198 val=1.2788
[horn_no_momentum] seed=3141 step=400/600 train=1.2564 val=1.2345
[horn_no_momentum] seed=3141 step=500/600 train=1.1985 val=1.2042
[horn_no_momentum] seed=3141 step=600/600 train=1.1272 val=1.1535
{
  "horn_no_momentum": {
    "n_runs": 3,
    "final_val_loss_mean": 1.1452201114760505,
    "final_val_loss_std": 0.007235696656273892,
    "best_val_loss_mean": 1.1452201114760505,
    "best_val_loss_std": 0.007235696656273892,
    "wall_seconds_mean": 28.807701587677002,
    "delta_final_vs_baseline": 0.0,
    "delta_best_vs_baseline": 0.0
  }
}
