device=cuda
vocab_size=600 train_tokens=7222914 val_tokens=802547

=== Run 1/1: variant=baseline seed=1337 ===
[baseline] seed=1337 step=0/500 train=6.3926 val=6.3936
[baseline] seed=1337 step=100/500 train=2.6695 val=2.6980
[baseline] seed=1337 step=200/500 train=2.6036 val=2.6308
[baseline] seed=1337 step=300/500 train=2.5954 val=2.6269
[baseline] seed=1337 step=400/500 train=2.5518 val=2.5864
[baseline] seed=1337 step=500/500 train=2.4379 val=2.4672
{
  "baseline": {
    "n_runs": 1,
    "final_val_loss_mean": 2.4672154903411867,
    "final_val_loss_std": 0.0,
    "best_val_loss_mean": 2.4672154903411867,
    "best_val_loss_std": 0.0,
    "wall_seconds_mean": 11.121217250823975,
    "delta_final_vs_baseline": 0.0,
    "delta_best_vs_baseline": 0.0
  }
}
