device=cuda
vocab_size=600 train_tokens=7222914 val_tokens=802547

=== Run 1/1: variant=baseline seed=2027 ===
[baseline] seed=2027 step=0/500 train=6.3783 val=6.3797
[baseline] seed=2027 step=100/500 train=2.6590 val=2.6952
[baseline] seed=2027 step=200/500 train=2.6225 val=2.6313
[baseline] seed=2027 step=300/500 train=2.5858 val=2.5878
[baseline] seed=2027 step=400/500 train=2.5499 val=2.5734
[baseline] seed=2027 step=500/500 train=2.4755 val=2.4886
{
  "baseline": {
    "n_runs": 1,
    "final_val_loss_mean": 2.4885727524757386,
    "final_val_loss_std": 0.0,
    "best_val_loss_mean": 2.4885727524757386,
    "best_val_loss_std": 0.0,
    "wall_seconds_mean": 16.177549600601196,
    "delta_final_vs_baseline": 0.0,
    "delta_best_vs_baseline": 0.0
  }
}
