device=cuda
vocab_size=600 train_tokens=7222914 val_tokens=802547

=== Run 1/1: variant=horn seed=1337 ===
[horn] seed=1337 step=0/500 train=6.4591 val=6.4590
[horn] seed=1337 step=100/500 train=2.6224 val=2.6529
[horn] seed=1337 step=200/500 train=2.5990 val=2.6089
[horn] seed=1337 step=300/500 train=2.5046 val=2.5337
[horn] seed=1337 step=400/500 train=2.3749 val=2.3802
[horn] seed=1337 step=500/500 train=2.3060 val=2.3222
{
  "horn": {
    "n_runs": 1,
    "final_val_loss_mean": 2.322230136394501,
    "final_val_loss_std": 0.0,
    "best_val_loss_mean": 2.322230136394501,
    "best_val_loss_std": 0.0,
    "wall_seconds_mean": 20.52294373512268,
    "delta_final_vs_baseline": 0.0,
    "delta_best_vs_baseline": 0.0
  }
}
