device=cuda
vocab_size=600 train_tokens=7222914 val_tokens=802547

=== Run 1/1: variant=horn seed=2027 ===
[horn] seed=2027 step=0/500 train=6.4368 val=6.4365
[horn] seed=2027 step=100/500 train=2.6321 val=2.6555
[horn] seed=2027 step=200/500 train=2.5864 val=2.6193
[horn] seed=2027 step=300/500 train=2.4681 val=2.4778
[horn] seed=2027 step=400/500 train=2.3649 val=2.3781
[horn] seed=2027 step=500/500 train=2.2521 val=2.2935
{
  "horn": {
    "n_runs": 1,
    "final_val_loss_mean": 2.293536388874054,
    "final_val_loss_std": 0.0,
    "best_val_loss_mean": 2.293536388874054,
    "best_val_loss_std": 0.0,
    "wall_seconds_mean": 24.610138654708862,
    "delta_final_vs_baseline": 0.0,
    "delta_best_vs_baseline": 0.0
  }
}
