device=cuda
vocab_size=600 train_tokens=7222914 val_tokens=802547

=== Run 1/1: variant=horn seed=1337 ===
[horn] seed=1337 step=0/500 train=6.3922 val=6.3932
[horn] seed=1337 step=100/500 train=2.6643 val=2.6933
[horn] seed=1337 step=200/500 train=2.6033 val=2.6309
[horn] seed=1337 step=300/500 train=2.5948 val=2.6261
[horn] seed=1337 step=400/500 train=2.5248 val=2.5612
[horn] seed=1337 step=500/500 train=2.4364 val=2.4626
{
  "horn": {
    "n_runs": 1,
    "final_val_loss_mean": 2.4626452207565306,
    "final_val_loss_std": 0.0,
    "best_val_loss_mean": 2.4626452207565306,
    "best_val_loss_std": 0.0,
    "wall_seconds_mean": 10.158450603485107,
    "delta_final_vs_baseline": 0.0,
    "delta_best_vs_baseline": 0.0
  }
}
