device=cuda
vocab_size=600 train_tokens=7222914 val_tokens=802547

=== Run 1/1: variant=baseline seed=2027 ===
[baseline] seed=2027 step=0/500 train=6.4687 val=6.4657
[baseline] seed=2027 step=100/500 train=2.6469 val=2.6888
[baseline] seed=2027 step=200/500 train=2.6009 val=2.6358
[baseline] seed=2027 step=300/500 train=2.5713 val=2.5892
[baseline] seed=2027 step=400/500 train=2.4488 val=2.4870
[baseline] seed=2027 step=500/500 train=2.3750 val=2.3676
{
  "baseline": {
    "n_runs": 1,
    "final_val_loss_mean": 2.367598807811737,
    "final_val_loss_std": 0.0,
    "best_val_loss_mean": 2.367598807811737,
    "best_val_loss_std": 0.0,
    "wall_seconds_mean": 17.081851482391357,
    "delta_final_vs_baseline": 0.0,
    "delta_best_vs_baseline": 0.0
  }
}
