device=cuda
vocab_size=600 train_tokens=7222914 val_tokens=802547

=== Run 1/1: variant=horn seed=2027 ===
[horn] seed=2027 step=0/500 train=6.4609 val=6.4594
[horn] seed=2027 step=100/500 train=2.6431 val=2.6842
[horn] seed=2027 step=200/500 train=2.6012 val=2.6371
[horn] seed=2027 step=300/500 train=2.5825 val=2.5987
[horn] seed=2027 step=400/500 train=2.4394 val=2.4768
[horn] seed=2027 step=500/500 train=2.3689 val=2.3639
{
  "horn": {
    "n_runs": 1,
    "final_val_loss_mean": 2.363930141925812,
    "final_val_loss_std": 0.0,
    "best_val_loss_mean": 2.363930141925812,
    "best_val_loss_std": 0.0,
    "wall_seconds_mean": 24.954864740371704,
    "delta_final_vs_baseline": 0.0,
    "delta_best_vs_baseline": 0.0
  }
}
