[model-size-branch] plan=/workspace/scaling_plans/model_size_branch.json
[model-size-branch] benchmark=/workspace/horn_nanochat_benchmark.py
[model-size-branch] out_root=/workspace/scaling/model_size
[model-size-branch] dataset=fineweb data_path=/workspace/data/fineweb_sample.txt
[model-size-branch] jq not found; using hardcoded fallback plan
[model-size-branch] branch=small_fixed_horizon
[model-size-branch] run exp=small_fixed_horizon variant=baseline seed=1337 layers=2 heads=2 embd=64 batch=32 outdir=/workspace/scaling/model_size/small_fixed_horizon/baseline/seed_1337
device=cuda
vocab_size=600 train_tokens=7222914 val_tokens=802547

=== Run 1/1: variant=baseline seed=1337 ===
[baseline] seed=1337 step=0/500 train=6.3926 val=6.3936
[baseline] seed=1337 step=100/500 train=2.6695 val=2.6980
[baseline] seed=1337 step=200/500 train=2.6036 val=2.6308
[baseline] seed=1337 step=300/500 train=2.5954 val=2.6269
[baseline] seed=1337 step=400/500 train=2.5518 val=2.5864
[baseline] seed=1337 step=500/500 train=2.4379 val=2.4672
{
  "baseline": {
    "n_runs": 1,
    "final_val_loss_mean": 2.4672154903411867,
    "final_val_loss_std": 0.0,
    "best_val_loss_mean": 2.4672154903411867,
    "best_val_loss_std": 0.0,
    "wall_seconds_mean": 11.121217250823975,
    "delta_final_vs_baseline": 0.0,
    "delta_best_vs_baseline": 0.0
  }
}
[model-size-branch] run exp=small_fixed_horizon variant=baseline seed=2027 layers=2 heads=2 embd=64 batch=32 outdir=/workspace/scaling/model_size/small_fixed_horizon/baseline/seed_2027
device=cuda
vocab_size=600 train_tokens=7222914 val_tokens=802547

=== Run 1/1: variant=baseline seed=2027 ===
[baseline] seed=2027 step=0/500 train=6.3783 val=6.3797
[baseline] seed=2027 step=100/500 train=2.6590 val=2.6952
[baseline] seed=2027 step=200/500 train=2.6225 val=2.6313
[baseline] seed=2027 step=300/500 train=2.5858 val=2.5878
[baseline] seed=2027 step=400/500 train=2.5499 val=2.5734
[baseline] seed=2027 step=500/500 train=2.4755 val=2.4886
{
  "baseline": {
    "n_runs": 1,
    "final_val_loss_mean": 2.4885727524757386,
    "final_val_loss_std": 0.0,
    "best_val_loss_mean": 2.4885727524757386,
    "best_val_loss_std": 0.0,
    "wall_seconds_mean": 16.177549600601196,
    "delta_final_vs_baseline": 0.0,
    "delta_best_vs_baseline": 0.0
  }
}
[model-size-branch] run exp=small_fixed_horizon variant=horn seed=1337 layers=2 heads=2 embd=64 batch=32 outdir=/workspace/scaling/model_size/small_fixed_horizon/horn/seed_1337
device=cuda
vocab_size=600 train_tokens=7222914 val_tokens=802547

=== Run 1/1: variant=horn seed=1337 ===
[horn] seed=1337 step=0/500 train=6.3922 val=6.3932
[horn] seed=1337 step=100/500 train=2.6643 val=2.6933
[horn] seed=1337 step=200/500 train=2.6033 val=2.6309
[horn] seed=1337 step=300/500 train=2.5948 val=2.6261
[horn] seed=1337 step=400/500 train=2.5248 val=2.5612
[horn] seed=1337 step=500/500 train=2.4364 val=2.4626
{
  "horn": {
    "n_runs": 1,
    "final_val_loss_mean": 2.4626452207565306,
    "final_val_loss_std": 0.0,
    "best_val_loss_mean": 2.4626452207565306,
    "best_val_loss_std": 0.0,
    "wall_seconds_mean": 10.158450603485107,
    "delta_final_vs_baseline": 0.0,
    "delta_best_vs_baseline": 0.0
  }
}
[model-size-branch] run exp=small_fixed_horizon variant=horn seed=2027 layers=2 heads=2 embd=64 batch=32 outdir=/workspace/scaling/model_size/small_fixed_horizon/horn/seed_2027
device=cuda
vocab_size=600 train_tokens=7222914 val_tokens=802547

=== Run 1/1: variant=horn seed=2027 ===
[horn] seed=2027 step=0/500 train=6.3853 val=6.3866
[horn] seed=2027 step=100/500 train=2.6526 val=2.6884
[horn] seed=2027 step=200/500 train=2.6189 val=2.6282
[horn] seed=2027 step=300/500 train=2.5842 val=2.5862
[horn] seed=2027 step=400/500 train=2.5293 val=2.5534
[horn] seed=2027 step=500/500 train=2.4735 val=2.4880
{
  "horn": {
    "n_runs": 1,
    "final_val_loss_mean": 2.4879642128944397,
    "final_val_loss_std": 0.0,
    "best_val_loss_mean": 2.4879642128944397,
    "best_val_loss_std": 0.0,
    "wall_seconds_mean": 8.799773216247559,
    "delta_final_vs_baseline": 0.0,
    "delta_best_vs_baseline": 0.0
  }
}
[model-size-branch] branch=medium_fixed_horizon
[model-size-branch] run exp=medium_fixed_horizon variant=baseline seed=1337 layers=4 heads=4 embd=128 batch=24 outdir=/workspace/scaling/model_size/medium_fixed_horizon/baseline/seed_1337
device=cuda
vocab_size=600 train_tokens=7222914 val_tokens=802547

=== Run 1/1: variant=baseline seed=1337 ===
[baseline] seed=1337 step=0/500 train=6.4604 val=6.4601
[baseline] seed=1337 step=100/500 train=2.6350 val=2.6654
[baseline] seed=1337 step=200/500 train=2.6001 val=2.6084
[baseline] seed=1337 step=300/500 train=2.4860 val=2.5171
[baseline] seed=1337 step=400/500 train=2.3414 val=2.3442
[baseline] seed=1337 step=500/500 train=2.2660 val=2.2807
{
  "baseline": {
    "n_runs": 1,
    "final_val_loss_mean": 2.2807432770729066,
    "final_val_loss_std": 0.0,
    "best_val_loss_mean": 2.2807432770729066,
    "best_val_loss_std": 0.0,
    "wall_seconds_mean": 22.38395357131958,
    "delta_final_vs_baseline": 0.0,
    "delta_best_vs_baseline": 0.0
  }
}
[model-size-branch] run exp=medium_fixed_horizon variant=baseline seed=2027 layers=4 heads=4 embd=128 batch=24 outdir=/workspace/scaling/model_size/medium_fixed_horizon/baseline/seed_2027
device=cuda
vocab_size=600 train_tokens=7222914 val_tokens=802547

=== Run 1/1: variant=baseline seed=2027 ===
[baseline] seed=2027 step=0/500 train=6.4361 val=6.4364
[baseline] seed=2027 step=100/500 train=2.6383 val=2.6623
[baseline] seed=2027 step=200/500 train=2.5789 val=2.6104
[baseline] seed=2027 step=300/500 train=2.4485 val=2.4582
[baseline] seed=2027 step=400/500 train=2.3598 val=2.3744
[baseline] seed=2027 step=500/500 train=2.2412 val=2.2849
{
  "baseline": {
    "n_runs": 1,
    "final_val_loss_mean": 2.2849133253097533,
    "final_val_loss_std": 0.0,
    "best_val_loss_mean": 2.2849133253097533,
    "best_val_loss_std": 0.0,
    "wall_seconds_mean": 15.065311193466187,
    "delta_final_vs_baseline": 0.0,
    "delta_best_vs_baseline": 0.0
  }
}
[model-size-branch] run exp=medium_fixed_horizon variant=horn seed=1337 layers=4 heads=4 embd=128 batch=24 outdir=/workspace/scaling/model_size/medium_fixed_horizon/horn/seed_1337
device=cuda
vocab_size=600 train_tokens=7222914 val_tokens=802547

=== Run 1/1: variant=horn seed=1337 ===
[horn] seed=1337 step=0/500 train=6.4591 val=6.4590
[horn] seed=1337 step=100/500 train=2.6224 val=2.6529
[horn] seed=1337 step=200/500 train=2.5990 val=2.6089
[horn] seed=1337 step=300/500 train=2.5046 val=2.5337
[horn] seed=1337 step=400/500 train=2.3749 val=2.3802
[horn] seed=1337 step=500/500 train=2.3060 val=2.3222
{
  "horn": {
    "n_runs": 1,
    "final_val_loss_mean": 2.322230136394501,
    "final_val_loss_std": 0.0,
    "best_val_loss_mean": 2.322230136394501,
    "best_val_loss_std": 0.0,
    "wall_seconds_mean": 20.52294373512268,
    "delta_final_vs_baseline": 0.0,
    "delta_best_vs_baseline": 0.0
  }
}
[model-size-branch] run exp=medium_fixed_horizon variant=horn seed=2027 layers=4 heads=4 embd=128 batch=24 outdir=/workspace/scaling/model_size/medium_fixed_horizon/horn/seed_2027
device=cuda
vocab_size=600 train_tokens=7222914 val_tokens=802547

=== Run 1/1: variant=horn seed=2027 ===
[horn] seed=2027 step=0/500 train=6.4368 val=6.4365
[horn] seed=2027 step=100/500 train=2.6321 val=2.6555
[horn] seed=2027 step=200/500 train=2.5864 val=2.6193
[horn] seed=2027 step=300/500 train=2.4681 val=2.4778
[horn] seed=2027 step=400/500 train=2.3649 val=2.3781
[horn] seed=2027 step=500/500 train=2.2521 val=2.2935
{
  "horn": {
    "n_runs": 1,
    "final_val_loss_mean": 2.293536388874054,
    "final_val_loss_std": 0.0,
    "best_val_loss_mean": 2.293536388874054,
    "best_val_loss_std": 0.0,
    "wall_seconds_mean": 24.610138654708862,
    "delta_final_vs_baseline": 0.0,
    "delta_best_vs_baseline": 0.0
  }
}
[model-size-branch] branch=large_fixed_horizon
[model-size-branch] run exp=large_fixed_horizon variant=baseline seed=1337 layers=6 heads=8 embd=192 batch=12 outdir=/workspace/scaling/model_size/large_fixed_horizon/baseline/seed_1337
device=cuda
vocab_size=600 train_tokens=7222914 val_tokens=802547

=== Run 1/1: variant=baseline seed=1337 ===
[baseline] seed=1337 step=0/500 train=6.4150 val=6.4143
[baseline] seed=1337 step=100/500 train=2.6547 val=2.6848
[baseline] seed=1337 step=200/500 train=2.6348 val=2.6325
[baseline] seed=1337 step=300/500 train=2.5563 val=2.6172
[baseline] seed=1337 step=400/500 train=2.5192 val=2.5171
[baseline] seed=1337 step=500/500 train=2.3904 val=2.4458
{
  "baseline": {
    "n_runs": 1,
    "final_val_loss_mean": 2.4458189368247987,
    "final_val_loss_std": 0.0,
    "best_val_loss_mean": 2.4458189368247987,
    "best_val_loss_std": 0.0,
    "wall_seconds_mean": 17.093225479125977,
    "delta_final_vs_baseline": 0.0,
    "delta_best_vs_baseline": 0.0
  }
}
[model-size-branch] run exp=large_fixed_horizon variant=baseline seed=2027 layers=6 heads=8 embd=192 batch=12 outdir=/workspace/scaling/model_size/large_fixed_horizon/baseline/seed_2027
device=cuda
vocab_size=600 train_tokens=7222914 val_tokens=802547

=== Run 1/1: variant=baseline seed=2027 ===
[baseline] seed=2027 step=0/500 train=6.4687 val=6.4657
[baseline] seed=2027 step=100/500 train=2.6469 val=2.6888
[baseline] seed=2027 step=200/500 train=2.6009 val=2.6358
[baseline] seed=2027 step=300/500 train=2.5713 val=2.5892
[baseline] seed=2027 step=400/500 train=2.4488 val=2.4870
[baseline] seed=2027 step=500/500 train=2.3750 val=2.3676
{
  "baseline": {
    "n_runs": 1,
    "final_val_loss_mean": 2.367598807811737,
    "final_val_loss_std": 0.0,
    "best_val_loss_mean": 2.367598807811737,
    "best_val_loss_std": 0.0,
    "wall_seconds_mean": 17.081851482391357,
    "delta_final_vs_baseline": 0.0,
    "delta_best_vs_baseline": 0.0
  }
}
[model-size-branch] run exp=large_fixed_horizon variant=horn seed=1337 layers=6 heads=8 embd=192 batch=12 outdir=/workspace/scaling/model_size/large_fixed_horizon/horn/seed_1337
device=cuda
vocab_size=600 train_tokens=7222914 val_tokens=802547

=== Run 1/1: variant=horn seed=1337 ===
[horn] seed=1337 step=0/500 train=6.4157 val=6.4141
[horn] seed=1337 step=100/500 train=2.6490 val=2.6806
[horn] seed=1337 step=200/500 train=2.6322 val=2.6316
[horn] seed=1337 step=300/500 train=2.5374 val=2.5992
[horn] seed=1337 step=400/500 train=2.4859 val=2.4793
[horn] seed=1337 step=500/500 train=2.3689 val=2.4197
{
  "horn": {
    "n_runs": 1,
    "final_val_loss_mean": 2.4197231769561767,
    "final_val_loss_std": 0.0,
    "best_val_loss_mean": 2.4197231769561767,
    "best_val_loss_std": 0.0,
    "wall_seconds_mean": 26.69700837135315,
    "delta_final_vs_baseline": 0.0,
    "delta_best_vs_baseline": 0.0
  }
}
[model-size-branch] run exp=large_fixed_horizon variant=horn seed=2027 layers=6 heads=8 embd=192 batch=12 outdir=/workspace/scaling/model_size/large_fixed_horizon/horn/seed_2027
device=cuda
vocab_size=600 train_tokens=7222914 val_tokens=802547

=== Run 1/1: variant=horn seed=2027 ===
[horn] seed=2027 step=0/500 train=6.4609 val=6.4594
[horn] seed=2027 step=100/500 train=2.6431 val=2.6842
[horn] seed=2027 step=200/500 train=2.6012 val=2.6371
[horn] seed=2027 step=300/500 train=2.5825 val=2.5987
[horn] seed=2027 step=400/500 train=2.4394 val=2.4768
[horn] seed=2027 step=500/500 train=2.3689 val=2.3639
{
  "horn": {
    "n_runs": 1,
    "final_val_loss_mean": 2.363930141925812,
    "final_val_loss_std": 0.0,
    "best_val_loss_mean": 2.363930141925812,
    "best_val_loss_std": 0.0,
    "wall_seconds_mean": 24.954864740371704,
    "delta_final_vs_baseline": 0.0,
    "delta_best_vs_baseline": 0.0
  }
}
